2026-06-12 18:08:19 [Info] Invoking local tech agent: C:\repos\TechToolbox\AI\Agent\tech_agent.py
2026-06-12 18:08:19 [Info] TechAgent: Status=Running
2026-06-12 18:09:20 [Info] TechAgent: Still waiting (Status=Running)...
2026-06-12 18:10:21 [Info] TechAgent: Still waiting (Status=Running)...
2026-06-12 18:10:46 [Info] TechAgent: Status=Success
2026-06-12 18:10:46 [Ok] Tech agent completed successfully.
2026-06-12 18:16:13 [Info] ITA prompt source resolved from: -PromptFile (C:\repos\TechToolbox\AI\Agent\Tasks\CurrentTask.txt)
2026-06-12 18:16:13 [Info] Invoking local tech agent: C:\repos\TechToolbox\AI\Agent\tech_agent.py
2026-06-12 18:16:13 [Info] TechAgent: Status=Running
2026-06-12 18:16:59 [Info] TechAgent: Status=Success
2026-06-12 18:16:59 [Ok] Tech agent completed successfully.
2026-06-12 18:17:55 [Info] ITA prompt source resolved from: inline -Prompt
2026-06-12 18:17:55 [Info] Invoking local tech agent: C:\repos\TechToolbox\AI\Agent\tech_agent.py
2026-06-12 18:17:55 [Info] TechAgent: Status=Running
2026-06-12 18:18:41 [Info] TechAgent: Status=Success
2026-06-12 18:18:41 [Ok] Tech agent completed successfully.
2026-06-12 18:21:43 [Info] ITA prompt source resolved from: -PromptFile (C:\repos\TechToolbox\AI\Agent\Tasks\CurrentTask.txt)
2026-06-12 18:21:43 [Info] Invoking local tech agent: C:\repos\TechToolbox\AI\Agent\tech_agent.py
2026-06-12 18:21:43 [Info] TechAgent: Status=Running
2026-06-12 18:22:44 [Info] TechAgent: Still waiting (Status=Running)...
2026-06-12 18:22:54 [Info] TechAgent: Status=Success
2026-06-12 18:22:54 [Ok] Tech agent completed successfully.
